12944:
3.6
3.8
4.2
3.9
3.8
4.0
3.8
3.8
3.8
3.8
3.3
3.7
3.2
3.8
3.8
3.2
3.7
3.8
3.4
3.6
3.5
3.6
3.7
3.6
4.1
3.6
3.5
4.1
3.6
3.5
3.8
4.1
3.7
3.5
4.0
3.5
12945:
3.6
3.4
3.4
3.4
3.2
3.9
3.5
3.8
3.6
3.6
4.1
3.7
3.6
3.2
3.3
3.7
3.4
3.8
3.6
3.6
3.6
3.2
3.0
3.1
3.5
3.8
3.3
3.5
3.9
3.4
3.5
3.8
3.6
3.2
3.5
3.6
3.5
3.8
3.6
3.5
3.7
3.3
3.8
3.5
2.9
3.4
3.9
3.1
3.5
3.8
3.3
3.3
3.9
3.4
3.5
12946:
3.9
3.8
3.8
4.0
4.0
4.0
4.0
3.8
3.7
4.0
3.6
3.9
4.0
3.9
3.7
4.1
3.5
3.7
3.3
4.1
3.8
3.9
3.8
3.9
4.0
3.4
4.0
3.9
12947:
3.3
3.0
3.1
3.2
3.0
2.8
3.3
2.7
3.0
2.9
3.1
12948:
3.8
3.5
3.8
3.7
3.5
4.1
3.2
3.8
3.0
3.5
3.4
12949:
3.8
3.8
4.0
3.9
4.2
4.0
4.0
3.7
3.6
4.0
3.8
3.8
4.2
3.9
3.9
3.9
4.2
4.2
3.8
3.8
3.9
3.6
4.1
3.8
3.8
4.3
3.8
3.9
3.2
3.8
1295:
3.4
3.5
3.8
3.5
3.8
3.8
3.6
3.4
3.7
3.8
3.8
3.6
4.0
3.7
4.0
3.4
3.6
3.9
4.0
3.6
3.9
3.7
3.7
3.6
3.9
4.0
3.8
3.6
3.4
3.6
3.7
4.0
3.9
3.5
3.1
3.5
3.9
3.5
3.4
3.9
3.8
3.6
4.0
4.2
3.8
3.7
3.1
3.7
3.9
4.3
4.1
4.0
3.6
3.9
3.7
3.5
3.7
3.7
3.9
3.5
3.2
3.3
3.8
3.6
3.6
3.7
3.8
3.8
3.3
3.8
3.6
3.9
3.6
4.0
4.1
3.3
3.0
3.8
4.0
3.5
3.4
3.9
4.0
3.9
3.7
3.8
4.0
3.9
3.5
3.5
4.0
3.7
3.6
3.6
4.0
3.8
4.1
3.9
3.7
3.9
3.4
4.0
3.5
3.9
3.6
4.0
4.0
3.5
3.6
3.8
3.4
3.7
3.9
3.9
3.2
3.6
3.6
3.9
3.3
3.3
3.6
3.6
3.6
3.8
3.5
3.7
3.6
3.9
3.4
3.8
3.2
3.9
3.8
3.6
3.6
3.6
3.5
3.6
3.9
3.9
4.0
3.9
3.7
3.8
3.9
3.6
3.8
3.6
3.4
3.4
4.0
3.7
3.9
3.9
3.5
3.7
3.5
3.7
4.1
3.9
3.5
3.7
3.7
3.4
3.8
3.5
4.0
3.9
3.9
3.4
3.8
3.7
3.9
3.3
3.8
3.5
3.9
3.8
3.7
3.7
3.0
4.2
3.5
4.0
3.7
3.7
3.6
3.8
4.0
3.7
3.6
3.8
3.4
3.8
3.8
3.7
3.4
3.6
3.8
3.8
3.8
3.5
3.5
4.0
3.8
3.4
3.4
4.0
3.7
3.4
4.0
4.1
3.9
3.6
3.7
4.0
3.5
3.8
3.6
3.4
12950:
3.6
3.2
3.4
3.5
3.1
3.5
12951:
3.6
3.3
2.8
3.2
3.5
3.6
3.7
3.0
3.6
3.2
3.2
3.2
3.4
3.3
3.5
3.6
12952:
3.7
3.7
3.6
3.4
3.3
3.4
3.9
3.4
3.2
3.5
3.5
3.8
3.5
4.0
4.1
3.9
4.0
3.1
3.6
3.5
3.3
12953:
3.1
3.6
3.5
3.9
3.6
3.8
3.8
3.5
3.4
3.8
3.5
3.9
3.8
3.8
3.5
3.5
3.9
3.4
3.9
12954:
3.5
12955:
3.3
12956:
3.7
4.2
4.0
4.3
4.2
3.9
4.0
3.8
4.3
4.1
3.8
4.2
4.2
4.5
4.0
4.1
3.8
3.8
4.0
3.8
3.8
4.1
4.0
4.2
4.1
4.0
4.0
4.1
3.9
4.2
4.1
3.9
3.8
4.0
4.0
3.7
3.8
4.2
4.1
4.0
4.3
4.2
4.0
4.1
4.2
4.2
3.9
3.9
4.2
4.0
4.1
4.1
4.0
4.4
4.1
3.8
12957:
2.9
3.1
3.2
3.0
3.0
3.4
3.3
3.2
12958:
4.1
3.8
3.9
3.7
3.8
3.2
4.3
3.9
3.8
3.9
3.7
3.9
3.9
4.0
3.6
3.6
4.0
4.0
3.7
3.6
3.4
3.7
12959:
3.8
3.4
3.5
3.3
4.1
3.3
3.7
3.4
3.5
3.6
3.3
3.4
3.6
1296:
2.9
2.9
2.8
2.8
2.7
2.8
3.3
3.0
2.7
2.8
2.8
2.7
3.5
3.1
2.7
2.3
3.2
3.5
3.0
12960:
3.4
3.4
3.1
3.4
3.4
12961:
3.1
3.9
3.5
3.4
3.1
3.1
3.3
3.8
3.4
3.2
3.9
3.7
12962:
3.8
2.8
3.2
3.7
3.1
3.6
3.2
12963:
2.2
3.2
3.2
12964:
3.6
3.7
3.5
3.3
12965:
3.9
3.5
3.5
4.1
3.4
3.5
3.5
3.9
3.8
3.6
3.5
3.8
4.0
3.8
4.0
4.0
3.9
3.5
3.7
3.9
3.4
4.0
3.5
3.8
3.2
3.8
3.6
3.7
3.9
3.8
4.0
3.7
4.1
4.2
3.9
4.0
3.8
3.9
4.2
3.2
3.8
12966:
3.5
3.3
3.9
3.8
4.0
3.7
3.6
3.6
3.9
3.5
3.3
3.4
3.5
3.6
3.5
3.3
4.0
3.3
3.6
3.2
3.6
3.5
3.4
3.8
3.4
3.5
3.7
4.0
3.5
3.5
3.4
3.4
4.0
3.5
3.9
3.4
3.6
3.8
3.4
3.2
3.5
3.4
4.1
4.0
3.6
3.5
3.1
3.7
3.4
3.5
3.7
3.8
3.8
3.5
3.7
3.6
3.2
3.6
3.4
3.4
3.9
3.6
3.5
3.7
3.6
3.5
3.4
3.6
3.5
3.8
3.5
3.8
4.0
3.5
3.5
3.8
3.5
3.5
4.0
3.4
3.1
3.8
3.9
3.2
3.5
3.9
3.5
3.6
3.8
3.5
3.7
3.6
3.7
3.4
3.5
3.5
3.8
3.5
3.5
3.8
3.8
3.6
3.8
3.2
3.6
3.6
3.6
3.6
3.4
3.3
3.5
3.5
3.6
3.4
3.4
3.5
3.9
3.6
3.4
3.9
3.4
3.4
3.4
3.8
3.5
3.7
3.6
3.5
3.7
3.2
3.4
3.2
3.8
4.0
3.2
3.3
3.8
3.8
3.6
3.6
3.8
3.1
3.6
3.6
3.9
3.8
3.6
3.5
3.6
3.5
3.6
3.8
3.7
3.7
3.1
4.1
3.7
3.5
3.8
3.5
3.5
4.0
3.5
3.4
3.8
3.6
4.2
3.4
3.3
3.5
3.6
3.0
3.8
3.6
3.8
3.5
3.6
3.4
3.5
3.7
3.4
3.7
3.9
3.6
3.3
3.4
3.5
3.8
3.6
4.0
3.9
3.8
3.7
3.7
3.6
3.6
3.4
3.5
3.9
4.2
3.6
3.8
4.0
4.0
3.8
3.8
3.9
3.3
3.9
3.9
3.5
3.5
3.3
3.4
3.9
3.6
3.6
3.2
3.6
4.2
3.9
3.5
3.6
3.6
3.5
3.7
3.3
3.3
3.4
3.5
3.4
3.0
3.4
3.4
3.8
3.7
3.7
4.0
2.8
3.5
3.7
3.6
3.2
3.5
3.4
3.7
3.2
3.8
3.8
3.9
3.6
3.8
3.6
3.6
3.6
3.8
3.7
3.9
3.5
4.0
3.9
3.6
4.0
3.6
3.7
3.5
3.7
3.5
3.6
3.9
3.9
3.5
3.6
3.7
3.6
3.6
3.5
3.5
3.6
3.5
3.6
3.5
3.6
3.6
3.8
3.7
3.5
3.7
3.8
3.4
3.5
3.6
3.2
3.8
3.8
3.5
3.4
3.9
3.7
3.7
3.8
3.2
3.5
3.3
3.9
3.5
3.6
3.4
3.6
3.4
3.6
3.8
3.5
3.2
3.6
3.9
3.7
3.9
3.5
3.3
3.4
3.7
3.7
3.9
3.8
3.6
4.1
3.3
3.3
3.6
RMSE: 0.9853
