10010:
3.2
3.1
3.0
3.7
3.5
3.1
3.1
3.1
2.8
3.3
2.8
2.9
3.0
2.7
3.5
3.0
2.8
3.3
2.5
3.1
2.7
2.8
2.9
10014:
3.4
4.1
3.2
3.9
3.1
10029:
3.4
4.3
4.1
3.3
10042:
4.2
3.9
4.1
3.9
4.5
4.3
4.8
3.9
4.5
4.2
4.2
3.9
4.4
4.0
4.2
4.5
4.5
4.3
4.2
4.0
4.0
4.4
3.6
4.4
4.3
4.6
4.2
3.2
4.5
4.1
4.1
4.2
4.2
4.6
4.2
4.6
4.1
4.2
3.7
3.6
4.3
3.7
3.9
3.9
4.1
4.4
4.1
3.8
4.1
3.6
4.1
4.5
4.6
3.6
4.6
4.4
3.8
4.4
4.0
4.4
4.2
4.2
4.1
4.0
3.5
3.5
3.6
4.4
4.5
3.6
4.0
3.8
4.1
3.9
3.7
4.5
4.5
4.1
4.3
4.2
3.6
4.1
4.2
4.2
4.6
4.0
4.1
4.5
3.6
4.4
3.9
4.4
4.8
4.0
4.4
4.6
4.2
4.2
4.3
4.2
4.3
4.7
4.1
4.7
4.6
4.0
4.1
4.1
4.4
4.1
4.3
4.1
3.7
4.3
3.9
4.0
4.1
4.1
4.5
4.7
3.7
4.7
3.9
4.6
4.4
4.7
3.5
3.9
4.5
3.7
3.7
4.2
4.0
2.7
4.0
4.0
4.7
4.8
3.9
4.5
4.0
4.7
4.1
3.7
4.1
4.3
4.4
3.6
3.7
4.1
3.9
4.1
4.7
4.4
4.5
4.2
4.1
3.8
3.6
4.3
3.3
4.5
4.1
4.0
4.2
4.4
3.8
3.9
4.2
4.1
4.4
4.6
3.6
3.9
4.5
3.8
4.2
4.7
4.7
3.9
3.9
4.2
4.6
4.1
4.0
4.7
3.8
3.3
3.8
4.4
3.9
4.0
4.4
4.0
4.6
4.5
4.3
4.0
4.2
4.3
4.3
4.5
4.3
4.1
4.5
2.3
4.4
4.2
4.2
3.8
4.1
3.8
4.5
4.5
4.5
4.4
4.3
4.3
4.2
4.3
4.0
4.3
4.4
4.3
4.2
4.2
4.5
3.8
4.1
4.2
4.3
4.2
4.2
3.9
4.5
4.2
4.6
4.1
4.4
4.1
3.8
4.6
4.1
4.4
4.2
4.1
4.8
4.3
3.9
4.3
3.7
4.0
4.8
4.0
4.4
3.8
3.8
4.0
4.3
3.9
4.0
3.7
4.1
4.8
3.6
4.0
4.1
4.3
3.8
3.9
4.3
4.4
4.2
4.2
3.7
3.9
4.0
4.2
4.1
4.1
3.9
4.1
4.7
3.9
4.4
3.9
3.9
4.4
4.0
4.3
4.1
4.1
4.4
3.9
4.3
3.8
3.9
4.1
4.3
4.0
4.2
4.1
4.6
4.2
3.7
4.1
4.3
4.2
4.4
4.2
4.2
3.8
4.3
4.0
4.1
4.4
3.9
3.7
4.4
3.8
4.1
3.9
4.5
4.1
4.4
4.5
4.1
4.1
4.4
4.2
4.3
4.3
3.8
4.4
4.0
4.2
4.4
4.8
4.1
4.4
4.6
4.3
4.5
4.7
3.8
4.5
4.4
4.7
3.8
4.2
4.5
4.0
4.2
3.8
3.6
4.3
4.0
4.6
4.0
4.2
4.0
4.0
4.1
3.9
4.2
4.1
3.9
3.8
4.5
4.0
4.7
4.3
4.2
4.0
4.0
4.6
3.5
3.4
4.2
3.8
4.0
4.1
3.8
4.4
4.1
4.4
4.1
4.0
3.9
4.3
4.2
3.8
4.0
3.7
3.8
4.6
4.3
3.5
4.0
4.2
4.2
4.0
3.8
4.3
4.1
4.1
4.6
4.1
3.5
4.4
4.5
3.7
4.0
4.2
3.9
4.1
3.7
4.6
4.3
3.6
4.7
4.0
4.4
4.3
4.2
3.8
4.3
4.6
4.3
3.9
3.8
4.6
3.8
4.2
4.1
3.7
4.0
3.0
3.9
4.2
3.9
4.7
4.0
4.0
4.7
4.2
4.5
4.1
3.9
3.7
4.0
4.6
3.6
4.7
4.6
4.6
3.9
4.2
4.0
4.5
4.1
3.7
4.3
3.8
4.8
4.0
4.4
3.3
4.4
4.6
4.1
4.3
3.9
4.8
4.8
4.2
4.4
4.6
3.7
3.7
4.1
4.5
3.8
3.9
4.8
3.8
3.6
4.0
3.9
3.8
4.0
4.2
4.2
4.0
4.1
4.2
3.4
4.2
4.2
3.7
3.3
3.8
4.2
4.0
3.3
4.5
4.2
4.4
3.6
4.3
4.2
4.3
4.0
4.5
4.3
4.8
4.7
4.6
3.9
3.8
4.4
3.9
3.7
4.1
4.7
4.4
4.2
3.6
3.5
4.6
4.3
3.7
4.1
4.4
4.5
4.0
4.6
4.5
4.5
4.3
3.9
4.4
4.4
4.0
4.6
4.5
3.7
4.8
4.1
4.2
3.5
4.0
4.6
2.3
3.9
4.2
4.0
3.9
3.6
4.5
3.9
3.9
4.4
4.1
4.5
4.4
4.2
3.8
4.1
3.5
4.3
3.5
3.9
4.4
3.7
4.4
4.3
3.4
4.2
4.2
4.5
3.6
4.0
3.8
3.8
4.1
4.1
4.3
4.6
4.5
4.1
4.2
3.9
3.8
3.8
4.3
4.2
4.1
4.1
4.0
4.4
4.3
4.1
4.0
3.4
4.1
3.8
4.2
4.7
4.0
3.9
3.9
4.4
4.6
3.8
3.8
3.8
4.7
3.7
3.8
3.7
4.1
4.1
3.9
3.7
4.0
3.6
3.4
4.2
3.9
4.3
4.1
4.1
3.9
4.1
3.8
4.7
4.0
4.4
4.3
4.1
4.1
4.2
4.3
4.5
4.3
4.8
4.1
4.1
4.2
3.9
4.0
4.2
4.1
4.4
4.2
4.1
4.2
4.0
4.1
3.7
4.2
4.1
4.0
4.4
4.3
4.2
4.2
3.9
4.1
4.3
3.8
4.2
4.4
4.7
4.2
3.8
4.2
3.7
4.2
4.5
4.0
4.4
3.8
4.3
3.8
4.2
4.4
4.1
3.9
4.0
4.6
4.2
4.0
4.1
4.1
4.2
4.4
4.0
4.1
4.2
3.6
4.1
4.1
4.4
4.2
4.1
4.0
3.9
3.9
4.1
3.7
4.2
4.4
4.2
4.7
4.3
4.2
4.6
4.2
3.7
4.6
4.5
4.2
3.6
3.8
4.2
3.7
3.9
3.8
4.2
4.1
4.3
3.8
4.5
4.1
3.9
4.1
4.4
3.3
4.1
4.0
3.8
4.6
3.7
4.2
4.6
4.3
4.4
4.7
3.9
4.2
4.6
4.1
4.2
4.2
10052:
3.6
3.7
3.7
3.1
3.5
10064:
2.8
3.3
3.6
10068:
3.7
4.1
3.4
4.3
3.1
4.0
10081:
3.7
3.9
3.5
3.8
3.7
3.4
3.5
10092:
3.6
3.5
3.7
4.0
3.7
4.1
3.7
4.0
3.9
3.7
3.4
10097:
3.3
3.3
2.6
3.1
2.8
3.2
2.9
3.2
3.4
3.0
3.0
2.9
2.8
3.2
3.8
3.8
3.5
2.8
2.9
3.5
2.8
3.6
3.8
3.9
3.2
3.5
3.8
3.3
3.6
3.1
10100:
3.4
3.9
3.9
3.2
3.3
2.9
3.6
2.3
3.0
3.4
2.3
1011:
3.3
3.6
3.8
3.7
3.6
3.7
3.7
3.7
3.8
3.8
3.5
3.9
3.9
3.5
3.4
3.2
3.6
3.8
3.4
3.5
3.7
3.7
4.2
3.8
3.8
3.8
3.7
3.5
3.0
4.2
3.9
3.9
2.6
3.8
3.9
3.5
3.3
3.9
3.8
3.5
3.8
3.5
3.5
4.2
4.0
3.9
4.2
3.1
3.9
3.0
3.7
3.6
3.7
4.1
4.0
3.5
3.1
3.6
3.3
3.4
3.0
3.6
3.5
3.5
3.6
3.8
4.1
4.0
2.8
3.3
3.6
3.4
4.0
3.4
3.8
3.9
4.1
4.1
3.9
3.8
3.7
3.8
3.7
2.9
3.2
3.7
4.0
4.2
3.3
3.7
3.7
3.6
3.8
4.1
3.9
3.7
4.1
3.6
4.1
3.8
4.0
4.2
3.7
3.8
3.9
3.6
4.0
4.1
3.9
3.6
2.8
3.4
3.9
2.9
3.9
3.3
3.5
10117:
3.9
2.9
3.8
3.8
3.3
3.2
3.7
4.2
3.9
RMSE: 0.8146
