1:
3.713680073126143
3.593680073126143
3.686680073126143
4.022680073126143
3.719680073126143
3.779680073126143
3.6236800731261427
3.7166800731261427
3.818680073126143
3.6626800731261424
3.497680073126143
3.6836800731261428
3.8006800731261428
3.8066800731261425
3.443680073126143
3.7916800731261424
3.6836800731261428
3.9596800731261426
3.8486800731261424
3.863680073126143
3.5306800731261427
4.124680073126143
3.6656800731261425
10:
3.249506024096385
3.1715060240963853
1000:
3.378947368421053
3.285947368421053
3.1989473684210528
3.7989473684210524
3.5379473684210523
3.4269473684210525
3.3849473684210523
3.5859473684210528
3.3039473684210527
3.156947368421053
3.3909473684210525
3.4659473684210527
3.378947368421053
3.7029473684210528
3.5829473684210527
3.3189473684210524
3.306947368421053
3.3159473684210523
3.363947368421053
3.498947368421052
3.4179473684210526
3.5799473684210525
3.120947368421053
3.3219473684210525
3.621947368421053
3.333947368421053
3.4899473684210527
10000:
3.354627906976744
3.3096279069767442
10001:
3.6496582278481013
3.919658227848101
3.745658227848101
3.4396582278481005
3.9256582278481007
3.6586582278481012
3.6646582278481006
3.826658227848101
3.8116582278481013
3.6916582278481007
3.868658227848101
3.8716582278481013
3.5026582278481007
3.883658227848101
3.715658227848101
3.670658227848101
3.9436582278481014
10002:
3.761384146341463
3.4703841463414635
3.8963841463414632
3.6803841463414635
10003:
2.8101028037383173
10004:
4.311232280527232
4.0172322805272325
4.083232280527232
3.960232280527232
4.194232280527233
4.086232280527232
4.122232280527232
4.080232280527232
4.074232280527232
4.056232280527232
4.104232280527232
3.972232280527232
4.074232280527232
3.9512322805272317
4.1132322805272326
4.0892322805272325
4.119232280527233
4.116232280527233
4.173232280527232
3.996232280527232
4.065232280527232
3.993232280527232
4.008232280527233
4.032232280527232
4.383232280527233
3.936232280527232
4.038232280527232
4.095232280527233
3.8312322805272325
4.2302322805272325
4.152232280527232
RMSE: 0.9810729084616715
